0 info it worked if it ends with ok
1 verbose cli [ 'D:\\Programs\\nodejs\\\\node.exe',
1 verbose cli   'D:\\Programs\\nodejs\\node_modules\\npm\\bin\\npm-cli.js',
1 verbose cli   'start' ]
2 info using npm@2.11.3
3 info using node@v0.12.7
4 verbose run-script [ 'prestart', 'start', 'poststart' ]
5 info prestart hackathon@0.0.0
6 info start hackathon@0.0.0
7 verbose unsafe-perm in lifecycle true
8 info hackathon@0.0.0 Failed to exec start script
9 verbose stack Error: hackathon@0.0.0 start: `node-dev ./bin/www`
9 verbose stack Exit status 3221226505
9 verbose stack     at EventEmitter.<anonymous> (D:\Programs\nodejs\node_modules\npm\lib\utils\lifecycle.js:213:16)
9 verbose stack     at EventEmitter.emit (events.js:110:17)
9 verbose stack     at ChildProcess.<anonymous> (D:\Programs\nodejs\node_modules\npm\lib\utils\spawn.js:24:14)
9 verbose stack     at ChildProcess.emit (events.js:110:17)
9 verbose stack     at maybeClose (child_process.js:1015:16)
9 verbose stack     at Process.ChildProcess._handle.onexit (child_process.js:1087:5)
10 verbose pkgid hackathon@0.0.0
11 verbose cwd E:\hackathon
12 error Windows_NT 6.3.9600
13 error argv "D:\\Programs\\nodejs\\\\node.exe" "D:\\Programs\\nodejs\\node_modules\\npm\\bin\\npm-cli.js" "start"
14 error node v0.12.7
15 error npm  v2.11.3
16 error code ELIFECYCLE
17 error hackathon@0.0.0 start: `node-dev ./bin/www`
17 error Exit status 3221226505
18 error Failed at the hackathon@0.0.0 start script 'node-dev ./bin/www'.
18 error This is most likely a problem with the hackathon package,
18 error not with npm itself.
18 error Tell the author that this fails on your system:
18 error     node-dev ./bin/www
18 error You can get their info via:
18 error     npm owner ls hackathon
18 error There is likely additional logging output above.
19 verbose exit [ 1, true ]
